2025-05-23 21:03:28,236 - root - INFO - Watch Dog Started! Sniffing Packets...
2025-05-23 21:04:38,230 - root - INFO - Started Slicing...
2025-05-23 21:04:38,280 - root - INFO - End of slicing...
2025-05-23 21:04:38,280 - root - INFO - Sniffing Finished. The results saved at ./captured_pcaps/2025-05-23_21-03-28.pcap
2025-05-23 21:36:25,262 - root - INFO - Watch Dog Started! Sniffing Packets...
2025-05-23 21:36:25,262 - root - INFO - Started Slicing...
2025-05-23 21:36:25,262 - root - INFO - End of slicing...
2025-05-23 21:36:25,262 - root - INFO - Sniffing Finished. The results saved at ./captured_pcaps/2025-05-23_21-36-25.pcap
2025-05-23 21:36:55,316 - root - INFO - Watch Dog Started! Sniffing Packets...
2025-05-23 21:36:55,317 - root - ERROR - Error Occurred During Packet Sniffing. Popen.__init__() got an unexpected keyword argument 'check'
2025-05-23 21:37:02,257 - root - INFO - Watch Dog Started! Sniffing Packets...
2025-05-23 21:41:15,338 - root - INFO - Watch Dog Started! Sniffing Packets...
2025-05-23 21:42:46,628 - root - INFO - Watch Dog Started! Sniffing Packets...
2025-05-23 21:43:02,657 - root - INFO - Started Slicing...
2025-05-23 21:43:02,657 - root - INFO - End of slicing...
2025-05-23 21:43:02,657 - root - INFO - Sniffing Finished. The results saved at ./captured_pcaps/2025-05-23_21-42-46.pcap
2025-05-23 21:54:41,553 - root - INFO - Watch Dog Started! Sniffing Packets...
2025-05-23 21:54:56,820 - root - INFO - Started Slicing...
2025-05-23 21:54:56,820 - root - INFO - End of slicing...
2025-05-23 21:54:56,820 - root - INFO - Sniffing Finished. The results saved at ./captured_pcaps/2025-05-23_21-54-41.pcap
2025-05-24 11:47:02,857 - root - INFO - Watch Dog Started! Sniffing Packets...
2025-05-24 11:47:03,115 - root - INFO - Started Slicing...
2025-05-24 11:47:03,115 - root - INFO - End of slicing...
2025-05-24 11:47:03,115 - root - INFO - Sniffing Finished. The results saved at ./captured_pcaps/2025-05-24_11-47-02.pcap
2025-05-24 11:47:38,934 - root - INFO - Watch Dog Started! Sniffing Packets...
2025-05-24 11:47:46,243 - root - INFO - Started Slicing...
2025-05-24 11:47:46,243 - root - INFO - End of slicing...
2025-05-24 11:47:46,244 - root - INFO - Sniffing Finished. The results saved at ./captured_pcaps/2025-05-24_11-47-38.pcap
2025-05-24 11:51:06,744 - root - INFO - Watch Dog Started! Sniffing Packets...
2025-05-24 11:51:43,795 - root - INFO - Started Slicing...
2025-05-24 11:51:43,795 - root - INFO - End of slicing...
2025-05-24 11:51:43,795 - root - INFO - Sniffing Finished. The results saved at ./captured_pcaps/2025-05-24_11-51-06.pcap
2025-05-24 11:52:51,141 - root - INFO - Watch Dog Started! Sniffing Packets...
2025-05-24 11:52:56,410 - root - INFO - Started Slicing...
2025-05-24 11:52:56,469 - root - INFO - End of slicing...
2025-05-24 11:52:56,470 - root - INFO - Sniffing Finished. The results saved at ./captured_pcaps/2025-05-24_11-52-51.pcap
2025-05-24 12:08:04,604 - root - INFO - Watch Dog Started! Sniffing Packets...
2025-05-24 12:08:09,786 - root - INFO - Started Slicing...
2025-05-24 12:08:09,795 - root - INFO - End of slicing...
2025-05-24 12:08:09,796 - root - INFO - Sniffing Finished. The results saved at ./captured_pcaps/2025-05-24_12-08-04.pcap
2025-05-24 12:31:49,965 - root - INFO - Watch Dog Started! Sniffing Packets...
2025-05-24 12:32:00,182 - root - INFO - Started Slicing...
2025-05-24 12:32:00,190 - root - INFO - End of slicing...
2025-05-24 12:32:00,190 - root - INFO - Sniffing Finished. The results saved at ./captured_pcaps/2025-05-24_12-31-49.pcap
2025-05-24 13:42:53,136 - root - INFO - Watch Dog Started! Sniffing Packets...
2025-05-24 13:43:03,091 - root - INFO - Started Slicing...
2025-05-24 13:43:03,092 - root - INFO - End of slicing...
2025-05-24 13:43:03,092 - root - INFO - Sniffing Finished. The results saved at ./captured_pcaps/2025-05-24_13-42-53.pcap
2025-05-25 18:42:27,770 - root - INFO - Watch Dog Started! Sniffing Packets...
2025-05-25 18:42:37,947 - root - INFO - Started Slicing...
2025-05-25 18:42:37,953 - root - INFO - End of slicing...
2025-05-25 18:42:37,953 - root - INFO - Sniffing Finished. The results saved at ./captured_pcaps/2025-05-25_18-42-27.pcap
