2025-05-24 12:34:26,008 - root - INFO - Started Reading ./captured_pcaps/2025-05-24_12-31-49.pcap
2025-05-24 12:34:28,947 - root - INFO - Found 865 number of packets...
2025-05-24 12:34:28,947 - root - INFO - Packet Processing Finished...
2025-05-24 12:34:28,947 - root - INFO - Saving the resulted json in ./results/2025-05-24_12-31-49/2025-05-24_12-31-49.json
2025-05-24 12:34:28,948 - root - INFO - Saving json completed...
2025-05-24 12:34:28,948 - root - INFO - Started Plotting Process. Generating graphical outputs...
2025-05-24 12:34:30,293 - root - INFO - Finished generating graphical outputs...
2025-05-24 12:34:30,294 - root - INFO - Starting timestamps (iterations) analysis. Generating json files of iterations...
2025-05-24 12:34:30,294 - root - INFO - Started Reading ./captured_pcaps/2025-05-24_12-31-49_sliced_0.pcap
2025-05-24 12:34:30,668 - root - INFO - Found 10 number of packets...
2025-05-24 12:34:30,668 - root - INFO - Packet Processing Finished...
2025-05-24 12:34:30,669 - root - INFO - Saving iteration results json in ./results/2025-05-24_12-31-49/iterations
2025-05-24 12:34:30,669 - root - INFO - Started Reading ./captured_pcaps/2025-05-24_12-31-49_sliced_1.pcap
2025-05-24 12:34:31,113 - root - INFO - Found 13 number of packets...
2025-05-24 12:34:31,114 - root - INFO - Packet Processing Finished...
2025-05-24 12:34:31,114 - root - INFO - Saving iteration results json in ./results/2025-05-24_12-31-49/iterations
2025-05-24 12:34:31,114 - root - INFO - Generating iterations stacks...
2025-05-24 12:34:31,391 - root - INFO - End of Generating iterations stacks...
2025-05-24 12:45:27,749 - root - INFO - Started Reading ./captured_pcaps/2025-05-24_12-31-49.pcap
2025-05-24 12:45:31,025 - root - INFO - Found 865 number of packets...
2025-05-24 12:45:31,026 - root - INFO - Packet Processing Finished...
2025-05-24 12:45:31,026 - root - INFO - Saving the resulted json in ./results/2025-05-24_12-31-49/2025-05-24_12-31-49.json
2025-05-24 12:45:31,026 - root - INFO - Saving json completed...
2025-05-24 12:45:31,026 - root - INFO - Started Plotting Process. Generating graphical outputs...
2025-05-24 12:45:31,903 - root - ERROR - [Errno 20] Not a directory: './results/2025-05-24_12-31-49/2025-05-24_12-31-49_layers.png/layer_stacks_1.png'
2025-05-24 12:47:57,345 - root - INFO - Started Reading ./captured_pcaps/2025-05-24_12-31-49.pcap
2025-05-24 12:48:00,160 - root - INFO - Found 865 number of packets...
2025-05-24 12:48:00,160 - root - INFO - Packet Processing Finished...
2025-05-24 12:48:00,160 - root - INFO - Saving the resulted json in ./results/2025-05-24_12-31-49/2025-05-24_12-31-49.json
2025-05-24 12:48:00,160 - root - INFO - Saving json completed...
2025-05-24 12:48:00,160 - root - INFO - Started Plotting Process. Generating graphical outputs...
2025-05-24 12:48:01,163 - root - INFO - Finished generating graphical outputs...
2025-05-24 12:48:01,163 - root - INFO - Starting timestamps (iterations) analysis. Generating json files of iterations...
2025-05-24 12:48:01,164 - root - INFO - Started Reading ./captured_pcaps/2025-05-24_12-31-49_sliced_0.pcap
2025-05-24 12:48:01,586 - root - INFO - Found 10 number of packets...
2025-05-24 12:48:01,586 - root - INFO - Packet Processing Finished...
2025-05-24 12:48:01,586 - root - INFO - Saving iteration results json in ./results/2025-05-24_12-31-49/iterations
2025-05-24 12:48:01,587 - root - INFO - Started Reading ./captured_pcaps/2025-05-24_12-31-49_sliced_1.pcap
2025-05-24 12:48:02,022 - root - INFO - Found 13 number of packets...
2025-05-24 12:48:02,022 - root - INFO - Packet Processing Finished...
2025-05-24 12:48:02,022 - root - INFO - Saving iteration results json in ./results/2025-05-24_12-31-49/iterations
2025-05-24 12:48:02,023 - root - INFO - Generating iterations stacks...
2025-05-24 12:48:02,277 - root - INFO - End of Generating iterations stacks...
2025-05-24 12:54:32,893 - root - INFO - Started Reading ./captured_pcaps/2025-05-24_12-31-49.pcap
2025-05-24 12:54:35,697 - root - INFO - Found 865 number of packets...
2025-05-24 12:54:35,697 - root - INFO - Packet Processing Finished...
2025-05-24 12:54:35,697 - root - INFO - Saving the resulted json in ./results/2025-05-24_12-31-49/2025-05-24_12-31-49.json
2025-05-24 12:54:35,698 - root - INFO - Saving json completed...
2025-05-24 12:54:35,698 - root - INFO - Started Plotting Process. Generating graphical outputs...
2025-05-24 12:54:36,476 - root - INFO - Finished generating graphical outputs...
2025-05-24 12:54:36,476 - root - INFO - Starting timestamps (iterations) analysis. Generating json files of iterations...
2025-05-24 12:54:36,476 - root - INFO - Started Reading ./captured_pcaps/2025-05-24_12-31-49_sliced_0.pcap
2025-05-24 12:54:36,911 - root - INFO - Found 10 number of packets...
2025-05-24 12:54:36,911 - root - INFO - Packet Processing Finished...
2025-05-24 12:54:36,912 - root - INFO - Saving iteration results json in ./results/2025-05-24_12-31-49/iterations
2025-05-24 12:54:36,912 - root - INFO - Started Reading ./captured_pcaps/2025-05-24_12-31-49_sliced_1.pcap
2025-05-24 12:54:37,349 - root - INFO - Found 13 number of packets...
2025-05-24 12:54:37,350 - root - INFO - Packet Processing Finished...
2025-05-24 12:54:37,350 - root - INFO - Saving iteration results json in ./results/2025-05-24_12-31-49/iterations
2025-05-24 12:54:37,350 - root - INFO - Generating iterations stacks...
2025-05-24 12:54:37,591 - root - INFO - End of Generating iterations stacks...
2025-05-24 13:00:28,113 - root - INFO - Started Reading ./captured_pcaps/2025-05-24_12-31-49.pcap
2025-05-24 13:00:30,088 - root - INFO - Found 865 number of packets...
2025-05-24 13:00:30,088 - root - INFO - Packet Processing Finished...
2025-05-24 13:00:30,088 - root - INFO - Saving the resulted json in ./results/2025-05-24_12-31-49/2025-05-24_12-31-49.json
2025-05-24 13:00:30,088 - root - INFO - Saving json completed...
2025-05-24 13:00:30,088 - root - INFO - Started Plotting Process. Generating graphical outputs...
2025-05-24 13:00:30,597 - root - INFO - Finished generating graphical outputs...
2025-05-24 13:00:30,597 - root - INFO - Starting timestamps (iterations) analysis. Generating json files of iterations...
2025-05-24 13:00:30,597 - root - INFO - Started Reading ./captured_pcaps/2025-05-24_12-31-49_sliced_0.pcap
2025-05-24 13:00:30,804 - root - INFO - Found 10 number of packets...
2025-05-24 13:00:30,804 - root - INFO - Packet Processing Finished...
2025-05-24 13:00:30,804 - root - INFO - Saving iteration results json in ./results/2025-05-24_12-31-49/iterations
2025-05-24 13:00:30,804 - root - INFO - Started Reading ./captured_pcaps/2025-05-24_12-31-49_sliced_1.pcap
2025-05-24 13:00:31,019 - root - INFO - Found 13 number of packets...
2025-05-24 13:00:31,019 - root - INFO - Packet Processing Finished...
2025-05-24 13:00:31,020 - root - INFO - Saving iteration results json in ./results/2025-05-24_12-31-49/iterations
2025-05-24 13:00:31,020 - root - INFO - Generating iterations stacks...
2025-05-24 13:00:31,179 - root - INFO - End of Generating iterations stacks...
2025-05-24 15:06:59,682 - root - INFO - Started Reading ./captured_pcaps/2025-05-24_12-31-49.pcap
2025-05-24 15:06:59,682 - root - INFO - Generating PDML file...
2025-05-24 15:06:59,858 - root - INFO - End of PDML file generation...
2025-05-24 15:07:02,508 - root - INFO - Found 865 number of packets...
2025-05-24 15:07:02,508 - root - INFO - Packet Processing Finished...
2025-05-24 15:07:02,508 - root - INFO - Saving the resulted json in ./results/2025-05-24_12-31-49/2025-05-24_12-31-49.json
2025-05-24 15:07:02,508 - root - INFO - Saving json completed...
2025-05-24 15:07:02,508 - root - INFO - Started Plotting Process. Generating graphical outputs...
2025-05-24 15:07:03,241 - root - INFO - Finished generating graphical outputs...
2025-05-24 15:07:03,241 - root - INFO - Starting timestamps (iterations) analysis. Generating json files of iterations...
2025-05-24 15:07:03,242 - root - INFO - Started Reading ./captured_pcaps/2025-05-24_12-31-49_sliced_0.pcap
2025-05-24 15:07:03,242 - root - INFO - Generating PDML file...
2025-05-24 15:07:03,446 - root - INFO - End of PDML file generation...
2025-05-24 15:07:03,807 - root - INFO - Found 10 number of packets...
2025-05-24 15:07:03,807 - root - INFO - Packet Processing Finished...
2025-05-24 15:07:03,808 - root - INFO - Saving iteration results json in ./results/2025-05-24_12-31-49/iterations
2025-05-24 15:07:03,808 - root - INFO - Started Reading ./captured_pcaps/2025-05-24_12-31-49_sliced_1.pcap
2025-05-24 15:07:03,808 - root - INFO - Generating PDML file...
2025-05-24 15:11:17,156 - root - INFO - Started Reading ./captured_pcaps/2025-05-24_12-31-49.pcap
2025-05-24 15:11:17,156 - root - INFO - Generating PDML file...
2025-05-24 15:11:17,561 - root - INFO - End of PDML file generation...
2025-05-24 15:11:20,162 - root - INFO - Found 865 number of packets...
2025-05-24 15:11:20,162 - root - INFO - Packet Processing Finished...
2025-05-24 15:11:20,162 - root - INFO - Saving the resulted json in ./results/2025-05-24_12-31-49/2025-05-24_12-31-49.json
2025-05-24 15:11:20,163 - root - INFO - Saving json completed...
2025-05-24 15:11:20,163 - root - INFO - Started Plotting Process. Generating graphical outputs...
2025-05-24 15:11:20,916 - root - INFO - Finished generating graphical outputs...
2025-05-24 15:11:20,916 - root - INFO - Starting timestamps (iterations) analysis. Generating json files of iterations...
2025-05-24 15:11:20,916 - root - INFO - Started Reading ./captured_pcaps/2025-05-24_12-31-49_sliced_0.pcap
2025-05-24 15:11:20,916 - root - INFO - Generating PDML file...
2025-05-24 15:11:20,917 - root - ERROR - [Errno 2] No such file or directory: './results/2025-05-24_12-31-49_sliced_0/2025-05-24_12-31-49_sliced_0.pdml'
2025-05-24 15:12:12,508 - root - INFO - Started Reading ./captured_pcaps/2025-05-24_12-31-49.pcap
2025-05-24 15:12:15,077 - root - INFO - Found 865 number of packets...
2025-05-24 15:12:15,077 - root - INFO - Packet Processing Finished...
2025-05-24 15:12:15,077 - root - INFO - Generating PDML file...
2025-05-24 15:12:15,611 - root - INFO - End of PDML file generation...
2025-05-24 15:12:15,612 - root - INFO - Saving the resulted json in ./results/2025-05-24_12-31-49/2025-05-24_12-31-49.json
2025-05-24 15:12:15,612 - root - INFO - Saving json completed...
2025-05-24 15:12:15,612 - root - INFO - Started Plotting Process. Generating graphical outputs...
2025-05-24 15:12:16,350 - root - INFO - Finished generating graphical outputs...
2025-05-24 15:12:16,350 - root - INFO - Starting timestamps (iterations) analysis. Generating json files of iterations...
2025-05-24 15:12:16,350 - root - INFO - Started Reading ./captured_pcaps/2025-05-24_12-31-49_sliced_0.pcap
2025-05-24 15:12:16,781 - root - INFO - Found 10 number of packets...
2025-05-24 15:12:16,781 - root - INFO - Packet Processing Finished...
2025-05-24 15:12:16,781 - root - INFO - Saving iteration results json in ./results/2025-05-24_12-31-49/iterations
2025-05-24 15:12:16,782 - root - INFO - Started Reading ./captured_pcaps/2025-05-24_12-31-49_sliced_1.pcap
2025-05-24 15:12:17,207 - root - INFO - Found 13 number of packets...
2025-05-24 15:12:17,207 - root - INFO - Packet Processing Finished...
2025-05-24 15:12:17,207 - root - INFO - Saving iteration results json in ./results/2025-05-24_12-31-49/iterations
2025-05-24 15:12:17,208 - root - INFO - Generating iterations stacks...
2025-05-24 15:12:17,450 - root - INFO - End of Generating iterations stacks...
2025-05-24 15:15:43,340 - root - INFO - Started Reading ./captured_pcaps/2025-05-24_13-42-53.pcap
2025-05-24 15:15:43,753 - root - INFO - Found 6 number of packets...
2025-05-24 15:15:43,753 - root - INFO - Packet Processing Finished...
2025-05-24 15:15:43,754 - root - INFO - Generating PDML file...
2025-05-24 15:15:43,754 - root - ERROR - [Errno 2] No such file or directory: './results/2025-05-24_13-42-53/2025-05-24_13-42-53.pdml'
2025-05-24 15:17:19,781 - root - INFO - Started Reading ./captured_pcaps/2025-05-24_13-42-53.pcap
2025-05-24 15:17:20,183 - root - INFO - Found 6 number of packets...
2025-05-24 15:17:20,183 - root - INFO - Packet Processing Finished...
2025-05-24 15:17:20,183 - root - INFO - Generating PDML file...
2025-05-24 15:17:20,183 - root - ERROR - [Errno 2] No such file or directory: './results/2025-05-24_13-42-53/2025-05-24_13-42-53.pdml'
2025-05-24 15:17:42,187 - root - INFO - Started Reading ./captured_pcaps/2025-05-24_12-31-49.pcap
2025-05-24 15:17:44,817 - root - INFO - Found 865 number of packets...
2025-05-24 15:17:44,818 - root - INFO - Packet Processing Finished...
2025-05-24 15:17:44,818 - root - INFO - Generating PDML file...
2025-05-24 15:17:44,818 - root - ERROR - [Errno 2] No such file or directory: './results/2025-05-24_12-31-49/2025-05-24_12-31-49.pdml'
2025-05-24 15:19:08,160 - root - INFO - Started Reading ./captured_pcaps/2025-05-24_12-31-49.pcap
2025-05-24 15:19:10,778 - root - INFO - Found 865 number of packets...
2025-05-24 15:19:10,779 - root - INFO - Packet Processing Finished...
2025-05-24 15:19:10,779 - root - INFO - Saving the resulted json in ./results/2025-05-24_12-31-49/2025-05-24_12-31-49.json
2025-05-24 15:19:10,779 - root - INFO - Saving json completed...
2025-05-24 15:19:10,779 - root - INFO - Started Plotting Process. Generating graphical outputs...
2025-05-24 15:19:11,236 - root - INFO - Generating PDML file...
2025-05-24 15:19:11,639 - root - INFO - End of PDML file generation...
2025-05-24 15:19:11,884 - root - INFO - Finished generating graphical outputs...
2025-05-24 15:19:11,884 - root - INFO - Starting timestamps (iterations) analysis. Generating json files of iterations...
2025-05-24 15:19:11,884 - root - INFO - Started Reading ./captured_pcaps/2025-05-24_12-31-49_sliced_0.pcap
2025-05-24 15:19:12,313 - root - INFO - Found 10 number of packets...
2025-05-24 15:19:12,313 - root - INFO - Packet Processing Finished...
2025-05-24 15:19:12,313 - root - INFO - Saving iteration results json in ./results/2025-05-24_12-31-49/iterations
2025-05-24 15:19:12,313 - root - INFO - Started Reading ./captured_pcaps/2025-05-24_12-31-49_sliced_1.pcap
2025-05-24 15:19:12,741 - root - INFO - Found 13 number of packets...
2025-05-24 15:19:12,741 - root - INFO - Packet Processing Finished...
2025-05-24 15:19:12,742 - root - INFO - Saving iteration results json in ./results/2025-05-24_12-31-49/iterations
2025-05-24 15:19:12,742 - root - INFO - Generating iterations stacks...
2025-05-24 15:19:12,952 - root - INFO - End of Generating iterations stacks...
2025-05-24 15:19:25,236 - root - INFO - Started Reading ./captured_pcaps/2025-05-24_13-42-53.pcap
2025-05-24 15:19:25,611 - root - INFO - Found 6 number of packets...
2025-05-24 15:19:25,612 - root - INFO - Packet Processing Finished...
2025-05-24 15:19:25,612 - root - INFO - Saving the resulted json in ./results/2025-05-24_13-42-53/2025-05-24_13-42-53.json
2025-05-24 15:19:25,612 - root - INFO - Saving json completed...
2025-05-24 15:19:25,612 - root - INFO - Started Plotting Process. Generating graphical outputs...
2025-05-24 15:19:26,080 - root - INFO - Generating PDML file...
2025-05-24 15:19:26,292 - root - INFO - End of PDML file generation...
2025-05-24 15:19:26,508 - root - INFO - Finished generating graphical outputs...
2025-05-24 15:19:26,508 - root - INFO - Starting timestamps (iterations) analysis. Generating json files of iterations...
2025-05-24 15:19:26,509 - root - INFO - Started Reading ./captured_pcaps/2025-05-24_13-42-53_sliced_0.pcap
2025-05-24 15:19:26,878 - root - INFO - Found 0 number of packets...
2025-05-24 15:19:26,878 - root - INFO - Packet Processing Finished...
2025-05-24 15:19:26,878 - root - INFO - Saving iteration results json in ./results/2025-05-24_13-42-53/iterations
2025-05-24 15:19:26,879 - root - INFO - Started Reading ./captured_pcaps/2025-05-24_13-42-53_sliced_1.pcap
2025-05-24 15:19:27,305 - root - INFO - Found 0 number of packets...
2025-05-24 15:19:27,305 - root - INFO - Packet Processing Finished...
2025-05-24 15:19:27,306 - root - INFO - Saving iteration results json in ./results/2025-05-24_13-42-53/iterations
2025-05-24 15:19:27,306 - root - INFO - Generating iterations stacks...
2025-05-24 15:19:27,511 - root - INFO - End of Generating iterations stacks...
2025-05-24 19:36:40,899 - root - INFO - Started Reading ./captured_pcaps/2025-05-24_13-42-53.pcap
2025-05-24 19:36:40,921 - root - INFO - Generating PDML file...
2025-05-24 19:36:41,028 - root - INFO - End of PDML file generation...
2025-05-24 19:36:41,033 - root - INFO - Found 0 number of packets...
2025-05-24 19:36:41,033 - root - INFO - Packet Processing Finished...
2025-05-24 19:36:41,033 - root - INFO - Saving the resulted json in ./results/2025-05-24_13-42-53/2025-05-24_13-42-53.json
2025-05-24 19:36:41,033 - root - ERROR - 'list' object has no attribute 'items'
2025-05-24 19:38:39,311 - root - INFO - Started Reading ./captured_pcaps/2025-05-24_13-42-53.pcap
2025-05-24 19:38:39,311 - root - INFO - Generating PDML file...
2025-05-24 19:38:39,418 - root - INFO - End of PDML file generation...
2025-05-24 19:38:39,422 - root - INFO - Found 0 number of packets...
2025-05-24 19:38:39,422 - root - INFO - Packet Processing Finished...
2025-05-24 19:38:39,422 - root - INFO - Saving the resulted json in ./results/2025-05-24_13-42-53/2025-05-24_13-42-53.json
2025-05-24 19:38:39,422 - root - ERROR - 'list' object has no attribute 'items'
2025-05-24 19:39:54,313 - root - INFO - Started Reading ./captured_pcaps/2025-05-24_13-42-53.pcap
2025-05-24 19:39:54,313 - root - INFO - Generating PDML file...
2025-05-24 19:39:54,424 - root - INFO - End of PDML file generation...
2025-05-24 19:39:54,428 - root - INFO - Found 14 number of packets...
2025-05-24 19:39:54,428 - root - INFO - Packet Processing Finished...
2025-05-24 19:39:54,428 - root - INFO - Saving the resulted json in ./results/2025-05-24_13-42-53/2025-05-24_13-42-53.json
2025-05-24 19:39:54,428 - root - ERROR - 'list' object has no attribute 'items'
2025-05-24 19:45:30,368 - root - INFO - Started Reading ./captured_pcaps/2025-05-24_13-42-53.pcap
2025-05-24 19:45:30,369 - root - INFO - Generating PDML file...
2025-05-24 19:45:30,477 - root - INFO - End of PDML file generation...
2025-05-24 19:45:30,481 - root - ERROR - 'dict' object has no attribute 'key'
2025-05-24 19:45:39,578 - root - INFO - Started Reading ./captured_pcaps/2025-05-24_13-42-53.pcap
2025-05-24 19:45:39,579 - root - INFO - Generating PDML file...
2025-05-24 19:45:39,684 - root - INFO - End of PDML file generation...
2025-05-24 19:45:39,688 - root - ERROR - unhashable type: 'list'
2025-05-24 19:46:59,444 - root - INFO - Started Reading ./captured_pcaps/2025-05-24_13-42-53.pcap
2025-05-24 19:46:59,445 - root - INFO - Generating PDML file...
2025-05-24 19:46:59,573 - root - INFO - End of PDML file generation...
2025-05-24 19:46:59,578 - root - ERROR - unhashable type: 'list'
2025-05-24 19:47:21,783 - root - INFO - Started Reading ./captured_pcaps/2025-05-24_13-42-53.pcap
2025-05-24 19:47:21,783 - root - INFO - Generating PDML file...
2025-05-24 19:47:21,893 - root - INFO - End of PDML file generation...
2025-05-24 19:47:21,897 - root - INFO - Found 14 number of packets...
2025-05-24 19:47:21,897 - root - INFO - Packet Processing Finished...
2025-05-24 19:47:21,897 - root - INFO - Saving the resulted json in ./results/2025-05-24_13-42-53/2025-05-24_13-42-53.json
2025-05-24 19:47:21,897 - root - INFO - Saving json completed...
2025-05-24 19:47:21,897 - root - INFO - Started Plotting Process. Generating graphical outputs...
2025-05-24 19:47:22,798 - root - ERROR - plot_layer_stacks() missing 1 required positional argument: 'pdml_file'
2025-05-24 19:52:05,816 - root - INFO - Started Reading ./captured_pcaps/2025-05-24_13-42-53.pcap
2025-05-24 19:52:05,816 - root - INFO - Generating PDML file...
2025-05-24 19:52:05,922 - root - INFO - End of PDML file generation...
2025-05-24 19:52:05,925 - root - ERROR - unhashable type: 'list'
2025-05-24 19:54:23,001 - root - INFO - Started Reading ./captured_pcaps/2025-05-24_13-42-53.pcap
2025-05-24 19:54:23,001 - root - INFO - Generating PDML file...
2025-05-24 19:54:23,108 - root - INFO - End of PDML file generation...
2025-05-24 19:54:23,112 - root - INFO - Found 0 number of packets...
2025-05-24 19:54:23,112 - root - INFO - Packet Processing Finished...
2025-05-24 19:54:23,113 - root - INFO - Saving the resulted json in ./results/2025-05-24_13-42-53/2025-05-24_13-42-53.json
2025-05-24 19:54:23,113 - root - ERROR - Empty processed packet object. Exiting now...
2025-05-24 19:58:07,825 - root - INFO - Started Reading ./captured_pcaps/2025-05-24_13-42-53.pcap
2025-05-24 19:58:07,825 - root - INFO - Generating PDML file...
2025-05-24 19:58:07,933 - root - INFO - End of PDML file generation...
2025-05-24 19:58:07,937 - root - ERROR - 'dict_values' object is not subscriptable
2025-05-24 19:59:15,058 - root - INFO - Started Reading ./captured_pcaps/2025-05-24_13-42-53.pcap
2025-05-24 19:59:15,058 - root - INFO - Generating PDML file...
2025-05-24 19:59:15,169 - root - INFO - End of PDML file generation...
2025-05-24 19:59:15,173 - root - ERROR - 'Stack 1'
2025-05-24 20:00:44,358 - root - INFO - Started Reading ./captured_pcaps/2025-05-24_13-42-53.pcap
2025-05-24 20:00:44,358 - root - INFO - Generating PDML file...
2025-05-24 20:00:44,465 - root - INFO - End of PDML file generation...
2025-05-24 20:00:44,469 - root - ERROR - 'Stack 1'
2025-05-24 20:02:10,124 - root - INFO - Started Reading ./captured_pcaps/2025-05-24_13-42-53.pcap
2025-05-24 20:02:10,124 - root - INFO - Generating PDML file...
2025-05-24 20:02:10,232 - root - INFO - End of PDML file generation...
2025-05-24 20:02:10,236 - root - ERROR - 'Stack 1'
2025-05-24 20:02:39,707 - root - INFO - Started Reading ./captured_pcaps/2025-05-24_13-42-53.pcap
2025-05-24 20:02:39,707 - root - INFO - Generating PDML file...
2025-05-24 20:02:39,816 - root - INFO - End of PDML file generation...
2025-05-24 20:02:39,821 - root - ERROR - 'Stack 1'
2025-05-24 20:03:47,009 - root - INFO - Started Reading ./captured_pcaps/2025-05-24_13-42-53.pcap
2025-05-24 20:03:47,009 - root - INFO - Generating PDML file...
2025-05-24 20:03:47,119 - root - INFO - End of PDML file generation...
2025-05-24 20:03:47,124 - root - ERROR - 'Stack 1'
2025-05-24 20:03:59,715 - root - INFO - Started Reading ./captured_pcaps/2025-05-24_13-42-53.pcap
2025-05-24 20:03:59,715 - root - INFO - Generating PDML file...
2025-05-24 20:03:59,823 - root - INFO - End of PDML file generation...
2025-05-24 20:03:59,827 - root - ERROR - 'Stack 1'
2025-05-24 20:04:07,848 - root - INFO - Started Reading ./captured_pcaps/2025-05-24_13-42-53.pcap
2025-05-24 20:04:07,848 - root - INFO - Generating PDML file...
2025-05-24 20:04:07,956 - root - INFO - End of PDML file generation...
2025-05-24 20:04:07,960 - root - ERROR - 'Stack 1'
2025-05-24 20:04:41,146 - root - INFO - Started Reading ./captured_pcaps/2025-05-24_13-42-53.pcap
2025-05-24 20:04:41,146 - root - INFO - Generating PDML file...
2025-05-24 20:04:41,253 - root - INFO - End of PDML file generation...
2025-05-24 20:04:41,257 - root - ERROR - 'Stack 1'
2025-05-24 20:04:59,596 - root - INFO - Started Reading ./captured_pcaps/2025-05-24_13-42-53.pcap
2025-05-24 20:04:59,597 - root - INFO - Generating PDML file...
2025-05-24 20:04:59,703 - root - INFO - End of PDML file generation...
2025-05-24 20:04:59,707 - root - ERROR - 'Stack 1'
2025-05-24 20:05:18,781 - root - INFO - Started Reading ./captured_pcaps/2025-05-24_13-42-53.pcap
2025-05-24 20:05:18,781 - root - INFO - Generating PDML file...
2025-05-24 20:05:18,889 - root - INFO - End of PDML file generation...
2025-05-24 20:05:18,893 - root - ERROR - 'Stack 1'
2025-05-24 20:05:48,904 - root - INFO - Started Reading ./captured_pcaps/2025-05-24_13-42-53.pcap
2025-05-24 20:05:48,904 - root - INFO - Generating PDML file...
2025-05-24 20:05:49,015 - root - INFO - End of PDML file generation...
2025-05-24 20:05:49,019 - root - INFO - Found 0 number of packets...
2025-05-24 20:05:49,019 - root - INFO - Packet Processing Finished...
2025-05-24 20:05:49,019 - root - INFO - Saving the resulted json in ./results/2025-05-24_13-42-53/2025-05-24_13-42-53.json
2025-05-24 20:05:49,019 - root - ERROR - Empty processed packet object. Exiting now...
2025-05-24 20:06:39,984 - root - INFO - Started Reading ./captured_pcaps/2025-05-24_13-42-53.pcap
2025-05-24 20:06:39,984 - root - INFO - Generating PDML file...
2025-05-24 20:06:40,094 - root - INFO - End of PDML file generation...
2025-05-24 20:06:40,098 - root - INFO - Found 0 number of packets...
2025-05-24 20:06:40,098 - root - INFO - Packet Processing Finished...
2025-05-24 20:06:40,098 - root - INFO - Saving the resulted json in ./results/2025-05-24_13-42-53/2025-05-24_13-42-53.json
2025-05-24 20:06:40,098 - root - ERROR - Empty processed packet object. Exiting now...
2025-05-24 20:07:20,186 - root - INFO - Started Reading ./captured_pcaps/2025-05-24_13-42-53.pcap
2025-05-24 20:07:20,186 - root - INFO - Generating PDML file...
2025-05-24 20:07:20,295 - root - INFO - End of PDML file generation...
2025-05-24 20:07:20,299 - root - ERROR - 'Stack 14'
2025-05-24 20:07:28,971 - root - INFO - Started Reading ./captured_pcaps/2025-05-24_13-42-53.pcap
2025-05-24 20:07:28,972 - root - INFO - Generating PDML file...
2025-05-24 20:07:29,079 - root - INFO - End of PDML file generation...
2025-05-24 20:07:29,084 - root - ERROR - 'Stack 14'
2025-05-25 11:49:05,423 - root - INFO - Started Reading ./captured_pcaps/2025-05-24_13-42-53.pcap
2025-05-25 11:49:05,462 - root - INFO - Generating PDML file...
2025-05-25 11:49:05,865 - root - INFO - End of PDML file generation...
2025-05-25 11:49:05,874 - root - ERROR - 'Stack 14'
2025-05-25 11:50:45,949 - root - INFO - Started Reading ./captured_pcaps/2025-05-24_13-42-53.pcap
2025-05-25 11:50:45,950 - root - INFO - Generating PDML file...
2025-05-25 11:50:46,110 - root - INFO - End of PDML file generation...
2025-05-25 11:50:46,118 - root - INFO - Found 0 number of packets...
2025-05-25 11:50:46,118 - root - INFO - Packet Processing Finished...
2025-05-25 11:50:46,118 - root - INFO - Saving the resulted json in ./results/2025-05-24_13-42-53/2025-05-24_13-42-53.json
2025-05-25 11:50:46,118 - root - ERROR - Empty processed packet object. Exiting now...
2025-05-25 13:01:20,855 - root - INFO - Started Reading ./captured_pcaps/2025-05-24_13-42-53.pcap
2025-05-25 13:01:20,855 - root - INFO - Generating PDML file...
2025-05-25 13:01:20,995 - root - INFO - End of PDML file generation...
2025-05-25 13:01:21,002 - root - INFO - Found 0 number of packets...
2025-05-25 13:01:21,002 - root - INFO - Packet Processing Finished...
2025-05-25 13:01:21,002 - root - INFO - Saving the resulted json in ./results/2025-05-24_13-42-53/2025-05-24_13-42-53.json
2025-05-25 13:01:21,002 - root - ERROR - Empty processed packet object. Exiting now...
2025-05-25 13:13:25,438 - root - INFO - Started Reading ./captured_pcaps/2025-05-24_13-42-53.pcap
2025-05-25 13:13:25,438 - root - INFO - Generating PDML file...
2025-05-25 13:13:25,577 - root - INFO - End of PDML file generation...
2025-05-25 13:13:25,578 - root - INFO - Saving the resulted json in ./results/2025-05-24_13-42-53/2025-05-24_13-42-53.json
2025-05-25 13:13:25,578 - root - ERROR - pdml_to_stack_json() missing 1 required positional argument: 'output_json_path'
2025-05-25 13:13:54,652 - root - INFO - Started Reading ./captured_pcaps/2025-05-24_13-42-53.pcap
2025-05-25 13:13:54,653 - root - INFO - Generating PDML file...
2025-05-25 13:13:54,792 - root - INFO - End of PDML file generation...
2025-05-25 13:13:54,792 - root - INFO - Saving the resulted json in ./results/2025-05-24_13-42-53/2025-05-24_13-42-53.json
2025-05-25 13:13:54,798 - root - INFO - Packet Processing Finished...
2025-05-25 13:13:54,798 - root - INFO - Saving json completed...
2025-05-25 13:13:54,798 - root - INFO - Found 0 number of packets...
2025-05-25 13:13:54,798 - root - ERROR - Empty processed packet object. Exiting now...
2025-05-25 13:14:25,897 - root - INFO - Started Reading ./captured_pcaps/2025-05-24_13-42-53.pcap
2025-05-25 13:14:25,898 - root - INFO - Generating PDML file...
2025-05-25 13:14:26,038 - root - INFO - End of PDML file generation...
2025-05-25 13:14:26,038 - root - INFO - Saving the resulted json in ./results/2025-05-24_13-42-53/2025-05-24_13-42-53.json
2025-05-25 13:14:26,044 - root - INFO - Packet Processing Finished...
2025-05-25 13:14:26,044 - root - INFO - Saving json completed...
2025-05-25 13:14:26,044 - root - INFO - Found 0 number of packets...
2025-05-25 13:14:26,044 - root - ERROR - Empty processed packet object. Exiting now...
2025-05-25 13:20:41,491 - root - INFO - Started Reading ./captured_pcaps/2025-05-24_13-42-53.pcap
2025-05-25 13:20:41,491 - root - INFO - Generating PDML file...
2025-05-25 13:20:41,625 - root - INFO - End of PDML file generation...
2025-05-25 13:20:41,625 - root - INFO - Saving the resulted json in ./results/2025-05-24_13-42-53/2025-05-24_13-42-53.json
2025-05-25 13:20:41,632 - root - INFO - Packet Processing Finished...
2025-05-25 13:20:41,632 - root - INFO - Saving json completed...
2025-05-25 13:20:41,632 - root - INFO - Found 14 number of packets...
2025-05-25 13:20:41,632 - root - INFO - Started Plotting Process. Generating graphical outputs...
2025-05-25 13:20:41,632 - root - ERROR - unsupported operand type(s) for +: 'int' and 'dict'
2025-05-25 13:29:18,854 - root - INFO - Started Reading ./captured_pcaps/2025-05-24_13-42-53.pcap
2025-05-25 13:29:18,854 - root - INFO - Generating PDML file...
2025-05-25 13:29:18,993 - root - INFO - End of PDML file generation...
2025-05-25 13:29:18,993 - root - INFO - Saving the resulted json in ./results/2025-05-24_13-42-53/2025-05-24_13-42-53.json
2025-05-25 13:29:18,999 - root - INFO - Packet Processing Finished...
2025-05-25 13:29:18,999 - root - INFO - Saving json completed...
2025-05-25 13:29:18,999 - root - INFO - Found 14 number of packets...
2025-05-25 13:29:18,999 - root - INFO - Started Plotting Process. Generating graphical outputs...
2025-05-25 13:29:18,999 - root - ERROR - 'dict' object has no attribute 'key'
2025-05-25 13:29:29,838 - root - INFO - Started Reading ./captured_pcaps/2025-05-24_13-42-53.pcap
2025-05-25 13:29:29,838 - root - INFO - Generating PDML file...
2025-05-25 13:29:29,979 - root - INFO - End of PDML file generation...
2025-05-25 13:29:29,979 - root - INFO - Saving the resulted json in ./results/2025-05-24_13-42-53/2025-05-24_13-42-53.json
2025-05-25 13:29:29,984 - root - INFO - Packet Processing Finished...
2025-05-25 13:29:29,985 - root - INFO - Saving json completed...
2025-05-25 13:29:29,985 - root - INFO - Found 14 number of packets...
2025-05-25 13:29:29,985 - root - INFO - Started Plotting Process. Generating graphical outputs...
2025-05-25 13:29:29,985 - root - ERROR - string indices must be integers, not 'str'
2025-05-25 13:30:01,674 - root - INFO - Started Reading ./captured_pcaps/2025-05-24_13-42-53.pcap
2025-05-25 13:30:01,674 - root - INFO - Generating PDML file...
2025-05-25 13:30:01,815 - root - INFO - End of PDML file generation...
2025-05-25 13:30:01,815 - root - INFO - Saving the resulted json in ./results/2025-05-24_13-42-53/2025-05-24_13-42-53.json
2025-05-25 13:30:01,821 - root - INFO - Packet Processing Finished...
2025-05-25 13:30:01,821 - root - INFO - Saving json completed...
2025-05-25 13:30:01,821 - root - INFO - Found 14 number of packets...
2025-05-25 13:30:01,821 - root - INFO - Started Plotting Process. Generating graphical outputs...
2025-05-25 13:30:01,821 - root - ERROR - string indices must be integers, not 'str'
2025-05-25 13:31:16,145 - root - INFO - Started Reading ./captured_pcaps/2025-05-24_13-42-53.pcap
2025-05-25 13:31:16,145 - root - INFO - Generating PDML file...
2025-05-25 13:31:16,295 - root - INFO - End of PDML file generation...
2025-05-25 13:31:16,295 - root - INFO - Saving the resulted json in ./results/2025-05-24_13-42-53/2025-05-24_13-42-53.json
2025-05-25 13:31:16,301 - root - INFO - Packet Processing Finished...
2025-05-25 13:31:16,301 - root - INFO - Saving json completed...
2025-05-25 13:31:16,301 - root - INFO - Found 14 number of packets...
2025-05-25 13:31:16,301 - root - INFO - Started Plotting Process. Generating graphical outputs...
2025-05-25 13:31:16,301 - root - ERROR - string indices must be integers, not 'str'
2025-05-25 13:32:56,862 - root - INFO - Started Reading ./captured_pcaps/2025-05-24_13-42-53.pcap
2025-05-25 13:32:56,862 - root - INFO - Generating PDML file...
2025-05-25 13:32:57,044 - root - INFO - End of PDML file generation...
2025-05-25 13:32:57,044 - root - INFO - Saving the resulted json in ./results/2025-05-24_13-42-53/2025-05-24_13-42-53.json
2025-05-25 13:32:57,052 - root - INFO - Packet Processing Finished...
2025-05-25 13:32:57,052 - root - INFO - Saving json completed...
2025-05-25 13:32:57,052 - root - INFO - Found 14 number of packets...
2025-05-25 13:32:57,052 - root - INFO - Started Plotting Process. Generating graphical outputs...
2025-05-25 13:32:57,052 - root - ERROR - 'counts'
2025-05-25 13:34:14,315 - root - INFO - Started Reading ./captured_pcaps/2025-05-24_13-42-53.pcap
2025-05-25 13:34:14,315 - root - INFO - Generating PDML file...
2025-05-25 13:34:14,496 - root - INFO - End of PDML file generation...
2025-05-25 13:34:14,496 - root - INFO - Saving the resulted json in ./results/2025-05-24_13-42-53/2025-05-24_13-42-53.json
2025-05-25 13:34:14,503 - root - INFO - Packet Processing Finished...
2025-05-25 13:34:14,503 - root - INFO - Saving json completed...
2025-05-25 13:34:14,504 - root - INFO - Found 14 number of packets...
2025-05-25 13:34:14,504 - root - INFO - Started Plotting Process. Generating graphical outputs...
2025-05-25 13:34:14,504 - root - ERROR - 'counts'
2025-05-25 13:34:36,433 - root - INFO - Started Reading ./captured_pcaps/2025-05-24_13-42-53.pcap
2025-05-25 13:34:36,433 - root - INFO - Generating PDML file...
2025-05-25 13:34:36,611 - root - INFO - End of PDML file generation...
2025-05-25 13:34:36,612 - root - INFO - Saving the resulted json in ./results/2025-05-24_13-42-53/2025-05-24_13-42-53.json
2025-05-25 13:34:36,619 - root - INFO - Packet Processing Finished...
2025-05-25 13:34:36,619 - root - INFO - Saving json completed...
2025-05-25 13:34:36,620 - root - INFO - Found 14 number of packets...
2025-05-25 13:34:36,620 - root - INFO - Started Plotting Process. Generating graphical outputs...
2025-05-25 13:34:36,620 - root - ERROR - 'counts'
2025-05-25 13:35:58,919 - root - INFO - Started Reading ./captured_pcaps/2025-05-24_13-42-53.pcap
2025-05-25 13:35:58,919 - root - INFO - Generating PDML file...
2025-05-25 13:35:59,098 - root - INFO - End of PDML file generation...
2025-05-25 13:35:59,098 - root - INFO - Saving the resulted json in ./results/2025-05-24_13-42-53/2025-05-24_13-42-53.json
2025-05-25 13:35:59,105 - root - INFO - Packet Processing Finished...
2025-05-25 13:35:59,106 - root - INFO - Saving json completed...
2025-05-25 13:35:59,106 - root - INFO - Found 14 number of packets...
2025-05-25 13:35:59,106 - root - INFO - Started Plotting Process. Generating graphical outputs...
2025-05-25 13:35:59,106 - root - ERROR - 'counts'
2025-05-25 13:36:41,758 - root - INFO - Started Reading ./captured_pcaps/2025-05-24_13-42-53.pcap
2025-05-25 13:36:41,758 - root - INFO - Generating PDML file...
2025-05-25 13:36:41,936 - root - INFO - End of PDML file generation...
2025-05-25 13:36:41,936 - root - INFO - Saving the resulted json in ./results/2025-05-24_13-42-53/2025-05-24_13-42-53.json
2025-05-25 13:36:41,944 - root - INFO - Packet Processing Finished...
2025-05-25 13:36:41,945 - root - INFO - Saving json completed...
2025-05-25 13:36:41,945 - root - INFO - Found 14 number of packets...
2025-05-25 13:36:41,945 - root - INFO - Started Plotting Process. Generating graphical outputs...
2025-05-25 13:36:41,945 - root - ERROR - 'counts'
2025-05-25 13:36:59,035 - root - INFO - Started Reading ./captured_pcaps/2025-05-24_13-42-53.pcap
2025-05-25 13:36:59,036 - root - INFO - Generating PDML file...
2025-05-25 13:36:59,214 - root - INFO - End of PDML file generation...
2025-05-25 13:36:59,214 - root - INFO - Saving the resulted json in ./results/2025-05-24_13-42-53/2025-05-24_13-42-53.json
2025-05-25 13:36:59,222 - root - INFO - Packet Processing Finished...
2025-05-25 13:36:59,222 - root - INFO - Saving json completed...
2025-05-25 13:36:59,222 - root - INFO - Found 14 number of packets...
2025-05-25 13:36:59,222 - root - INFO - Started Plotting Process. Generating graphical outputs...
2025-05-25 13:36:59,222 - root - ERROR - 'counts'
2025-05-25 13:37:53,594 - root - INFO - Started Reading ./captured_pcaps/2025-05-24_13-42-53.pcap
2025-05-25 13:37:53,594 - root - INFO - Generating PDML file...
2025-05-25 13:37:53,773 - root - INFO - End of PDML file generation...
2025-05-25 13:37:53,773 - root - INFO - Saving the resulted json in ./results/2025-05-24_13-42-53/2025-05-24_13-42-53.json
2025-05-25 13:37:53,782 - root - INFO - Packet Processing Finished...
2025-05-25 13:37:53,782 - root - INFO - Saving json completed...
2025-05-25 13:37:53,782 - root - INFO - Found 14 number of packets...
2025-05-25 13:37:53,782 - root - INFO - Started Plotting Process. Generating graphical outputs...
2025-05-25 13:37:53,782 - root - INFO - Generating iterations stacks...
2025-05-25 13:37:54,896 - root - INFO - End of Generating iterations stacks...
2025-05-25 13:38:30,384 - root - INFO - Started Reading ./captured_pcaps/2025-05-24_13-42-53.pcap
2025-05-25 13:38:30,384 - root - INFO - Generating PDML file...
2025-05-25 13:38:30,561 - root - INFO - End of PDML file generation...
2025-05-25 13:38:30,561 - root - INFO - Saving the resulted json in ./results/2025-05-24_13-42-53/2025-05-24_13-42-53.json
2025-05-25 13:38:30,569 - root - INFO - Packet Processing Finished...
2025-05-25 13:38:30,569 - root - INFO - Saving json completed...
2025-05-25 13:38:30,569 - root - INFO - Found 14 number of packets...
2025-05-25 13:38:30,569 - root - INFO - Started Plotting Process. Generating graphical outputs...
2025-05-25 13:38:30,569 - root - INFO - Generating iterations stacks...
2025-05-25 13:38:31,139 - root - INFO - End of Generating iterations stacks...
2025-05-25 13:38:45,812 - root - INFO - Started Reading ./captured_pcaps/2025-05-24_13-42-53.pcap
2025-05-25 13:38:45,812 - root - INFO - Generating PDML file...
2025-05-25 13:38:45,991 - root - INFO - End of PDML file generation...
2025-05-25 13:38:45,991 - root - INFO - Saving the resulted json in ./results/2025-05-24_13-42-53/2025-05-24_13-42-53.json
2025-05-25 13:38:45,999 - root - INFO - Packet Processing Finished...
2025-05-25 13:38:45,999 - root - INFO - Saving json completed...
2025-05-25 13:38:45,999 - root - INFO - Found 14 number of packets...
2025-05-25 13:38:45,999 - root - INFO - Started Plotting Process. Generating graphical outputs...
2025-05-25 13:38:45,999 - root - INFO - Generating iterations stacks...
2025-05-25 13:38:46,566 - root - INFO - End of Generating iterations stacks...
2025-05-25 13:38:51,163 - root - INFO - Started Reading ./captured_pcaps/2025-05-24_13-42-53.pcap
2025-05-25 13:38:51,163 - root - INFO - Generating PDML file...
2025-05-25 13:38:51,341 - root - INFO - End of PDML file generation...
2025-05-25 13:38:51,341 - root - INFO - Saving the resulted json in ./results/2025-05-24_13-42-53/2025-05-24_13-42-53.json
2025-05-25 13:38:51,349 - root - INFO - Packet Processing Finished...
2025-05-25 13:38:51,349 - root - INFO - Saving json completed...
2025-05-25 13:38:51,349 - root - INFO - Found 14 number of packets...
2025-05-25 13:38:51,350 - root - INFO - Started Plotting Process. Generating graphical outputs...
2025-05-25 13:38:51,350 - root - INFO - Generating iterations stacks...
2025-05-25 13:38:51,968 - root - INFO - End of Generating iterations stacks...
2025-05-25 13:40:17,523 - root - INFO - Started Reading ./captured_pcaps/2025-05-24_13-42-53.pcap
2025-05-25 13:40:17,524 - root - INFO - Generating PDML file...
2025-05-25 13:40:17,700 - root - INFO - End of PDML file generation...
2025-05-25 13:40:17,700 - root - INFO - Saving the resulted json in ./results/2025-05-24_13-42-53/2025-05-24_13-42-53.json
2025-05-25 13:40:17,708 - root - INFO - Packet Processing Finished...
2025-05-25 13:40:17,708 - root - INFO - Saving json completed...
2025-05-25 13:40:17,708 - root - INFO - Found 14 number of packets...
2025-05-25 13:40:17,708 - root - INFO - Started Plotting Process. Generating graphical outputs...
2025-05-25 13:40:17,708 - root - ERROR - list indices must be integers or slices, not str
2025-05-25 13:40:54,239 - root - INFO - Started Reading ./captured_pcaps/2025-05-24_13-42-53.pcap
2025-05-25 13:40:54,239 - root - INFO - Generating PDML file...
2025-05-25 13:40:54,415 - root - INFO - End of PDML file generation...
2025-05-25 13:40:54,415 - root - INFO - Saving the resulted json in ./results/2025-05-24_13-42-53/2025-05-24_13-42-53.json
2025-05-25 13:40:54,422 - root - INFO - Packet Processing Finished...
2025-05-25 13:40:54,423 - root - INFO - Saving json completed...
2025-05-25 13:40:54,423 - root - INFO - Found 14 number of packets...
2025-05-25 13:40:54,423 - root - INFO - Started Plotting Process. Generating graphical outputs...
2025-05-25 13:40:54,993 - root - INFO - Generating iterations stacks...
2025-05-25 13:40:55,222 - root - INFO - End of Generating iterations stacks...
2025-05-25 17:32:29,467 - root - INFO - Started Reading ./captured_pcaps/2025-05-24_13-42-53.pcap
2025-05-25 17:32:29,467 - root - INFO - Generating PDML file...
2025-05-25 17:32:29,638 - root - INFO - End of PDML file generation...
2025-05-25 17:32:29,638 - root - INFO - Saving the resulted json in ./results/2025-05-24_13-42-53/2025-05-24_13-42-53.json
2025-05-25 17:32:29,649 - root - INFO - Packet Processing Finished...
2025-05-25 17:32:29,650 - root - INFO - Saving json completed...
2025-05-25 17:32:29,650 - root - INFO - Found 14 number of packets...
2025-05-25 17:32:29,650 - root - INFO - Started Plotting Process. Generating graphical outputs...
2025-05-25 17:32:30,107 - root - ERROR - plot_layer_stacks_from_enhanced_json() got an unexpected keyword argument 'output_file'
2025-05-25 17:32:55,036 - root - INFO - Started Reading ./captured_pcaps/2025-05-24_13-42-53.pcap
2025-05-25 17:32:55,036 - root - INFO - Generating PDML file...
2025-05-25 17:32:55,246 - root - INFO - End of PDML file generation...
2025-05-25 17:32:55,246 - root - INFO - Saving the resulted json in ./results/2025-05-24_13-42-53/2025-05-24_13-42-53.json
2025-05-25 17:32:55,260 - root - INFO - Packet Processing Finished...
2025-05-25 17:32:55,260 - root - INFO - Saving json completed...
2025-05-25 17:32:55,260 - root - INFO - Found 14 number of packets...
2025-05-25 17:32:55,260 - root - INFO - Started Plotting Process. Generating graphical outputs...
2025-05-25 17:32:55,955 - root - INFO - Finished generating graphical outputs...
2025-05-25 17:34:36,914 - root - INFO - Started Reading ./captured_pcaps/2025-05-24_13-42-53.pcap
2025-05-25 17:34:36,914 - root - INFO - Generating PDML file...
2025-05-25 17:34:37,124 - root - INFO - End of PDML file generation...
2025-05-25 17:34:37,124 - root - INFO - Saving the resulted json in ./results/2025-05-24_13-42-53/2025-05-24_13-42-53.json
2025-05-25 17:34:37,139 - root - INFO - Packet Processing Finished...
2025-05-25 17:34:37,139 - root - INFO - Saving json completed...
2025-05-25 17:34:37,139 - root - INFO - Found 14 number of packets...
2025-05-25 17:34:37,139 - root - INFO - Started Plotting Process. Generating graphical outputs...
2025-05-25 17:34:37,837 - root - INFO - Finished generating graphical outputs...
2025-05-25 18:31:59,752 - root - INFO - Started Reading ./captured_pcaps/2025-05-24_13-42-53.pcap
2025-05-25 18:31:59,752 - root - INFO - Generating PDML file...
2025-05-25 18:31:59,961 - root - INFO - End of PDML file generation...
2025-05-25 18:31:59,962 - root - INFO - Saving the resulted json in ./results/2025-05-24_13-42-53/2025-05-24_13-42-53.json
2025-05-25 18:31:59,975 - root - INFO - Packet Processing Finished...
2025-05-25 18:31:59,975 - root - INFO - Saving json completed...
2025-05-25 18:31:59,976 - root - INFO - Found 14 number of packets...
2025-05-25 18:31:59,976 - root - INFO - Started Plotting Process. Generating graphical outputs...
2025-05-25 18:32:00,724 - root - INFO - Finished generating graphical outputs...
2025-05-25 18:32:00,724 - root - INFO - Starting timestamps (iterations) analysis...
2025-05-25 18:32:00,725 - root - ERROR - build_stack_matrix() missing 1 required positional argument: 'pcap_files'
2025-05-25 18:35:03,488 - root - INFO - Started Reading ./captured_pcaps/2025-05-24_13-42-53.pcap
2025-05-25 18:35:03,488 - root - INFO - Generating PDML file...
2025-05-25 18:35:03,693 - root - INFO - End of PDML file generation...
2025-05-25 18:35:03,693 - root - INFO - Saving the resulted json in ./results/2025-05-24_13-42-53/2025-05-24_13-42-53.json
2025-05-25 18:35:03,708 - root - INFO - Packet Processing Finished...
2025-05-25 18:35:03,708 - root - INFO - Saving json completed...
2025-05-25 18:35:03,708 - root - INFO - Found 14 number of packets...
2025-05-25 18:35:03,708 - root - INFO - Started Plotting Process. Generating graphical outputs...
2025-05-25 18:35:04,471 - root - INFO - Finished generating graphical outputs...
2025-05-25 18:35:04,471 - root - INFO - Starting timestamps (iterations) analysis...
2025-05-25 18:35:28,411 - root - INFO - Started Reading ./captured_pcaps/2025-05-24_13-42-53.pcap
2025-05-25 18:35:28,411 - root - INFO - Generating PDML file...
2025-05-25 18:35:28,623 - root - INFO - End of PDML file generation...
2025-05-25 18:35:28,623 - root - INFO - Saving the resulted json in ./results/2025-05-24_13-42-53/2025-05-24_13-42-53.json
2025-05-25 18:35:28,636 - root - INFO - Packet Processing Finished...
2025-05-25 18:35:28,636 - root - INFO - Saving json completed...
2025-05-25 18:35:28,637 - root - INFO - Found 14 number of packets...
2025-05-25 18:35:28,637 - root - INFO - Started Plotting Process. Generating graphical outputs...
2025-05-25 18:35:29,392 - root - INFO - Finished generating graphical outputs...
2025-05-25 18:35:29,392 - root - INFO - Starting timestamps (iterations) analysis...
2025-05-25 18:35:57,135 - root - INFO - Started Reading ./captured_pcaps/2025-05-24_13-42-53.pcap
2025-05-25 18:35:57,135 - root - INFO - Generating PDML file...
2025-05-25 18:35:57,311 - root - INFO - End of PDML file generation...
2025-05-25 18:35:57,311 - root - INFO - Saving the resulted json in ./results/2025-05-24_13-42-53/2025-05-24_13-42-53.json
2025-05-25 18:35:57,324 - root - INFO - Packet Processing Finished...
2025-05-25 18:35:57,324 - root - INFO - Saving json completed...
2025-05-25 18:35:57,324 - root - INFO - Found 14 number of packets...
2025-05-25 18:35:57,325 - root - INFO - Started Plotting Process. Generating graphical outputs...
2025-05-25 18:35:58,082 - root - INFO - Finished generating graphical outputs...
2025-05-25 18:35:58,083 - root - INFO - Starting timestamps (iterations) analysis...
2025-05-25 18:36:41,200 - root - INFO - Started Reading ./captured_pcaps/2025-05-24_13-42-53.pcap
2025-05-25 18:36:41,200 - root - INFO - Generating PDML file...
2025-05-25 18:36:41,388 - root - INFO - End of PDML file generation...
2025-05-25 18:36:41,388 - root - INFO - Saving the resulted json in ./results/2025-05-24_13-42-53/2025-05-24_13-42-53.json
2025-05-25 18:36:41,402 - root - INFO - Packet Processing Finished...
2025-05-25 18:36:41,403 - root - INFO - Saving json completed...
2025-05-25 18:36:41,403 - root - INFO - Found 14 number of packets...
2025-05-25 18:36:41,403 - root - INFO - Started Plotting Process. Generating graphical outputs...
2025-05-25 18:36:42,155 - root - INFO - Finished generating graphical outputs...
2025-05-25 18:36:42,156 - root - INFO - Starting timestamps (iterations) analysis...
2025-05-25 18:36:53,305 - root - INFO - Started Reading ./captured_pcaps/2025-05-24_13-42-53.pcap
2025-05-25 18:36:53,305 - root - INFO - Generating PDML file...
2025-05-25 18:36:53,497 - root - INFO - End of PDML file generation...
2025-05-25 18:36:53,497 - root - INFO - Saving the resulted json in ./results/2025-05-24_13-42-53/2025-05-24_13-42-53.json
2025-05-25 18:36:53,509 - root - INFO - Packet Processing Finished...
2025-05-25 18:36:53,509 - root - INFO - Saving json completed...
2025-05-25 18:36:53,509 - root - INFO - Found 14 number of packets...
2025-05-25 18:36:53,510 - root - INFO - Started Plotting Process. Generating graphical outputs...
2025-05-25 18:36:54,250 - root - INFO - Finished generating graphical outputs...
2025-05-25 18:36:54,251 - root - INFO - Starting timestamps (iterations) analysis...
2025-05-25 18:37:03,216 - root - INFO - Started Reading ./captured_pcaps/2025-05-24_13-42-53.pcap
2025-05-25 18:37:03,216 - root - INFO - Generating PDML file...
2025-05-25 18:37:03,428 - root - INFO - End of PDML file generation...
2025-05-25 18:37:03,428 - root - INFO - Saving the resulted json in ./results/2025-05-24_13-42-53/2025-05-24_13-42-53.json
2025-05-25 18:37:03,443 - root - INFO - Packet Processing Finished...
2025-05-25 18:37:03,443 - root - INFO - Saving json completed...
2025-05-25 18:37:03,444 - root - INFO - Found 14 number of packets...
2025-05-25 18:37:03,444 - root - INFO - Started Plotting Process. Generating graphical outputs...
2025-05-25 18:37:04,173 - root - INFO - Finished generating graphical outputs...
2025-05-25 18:37:04,173 - root - INFO - Starting timestamps (iterations) analysis...
2025-05-25 18:37:15,409 - root - INFO - Started Reading ./captured_pcaps/2025-05-24_13-42-53.pcap
2025-05-25 18:37:15,410 - root - INFO - Generating PDML file...
2025-05-25 18:37:15,599 - root - INFO - End of PDML file generation...
2025-05-25 18:37:15,599 - root - INFO - Saving the resulted json in ./results/2025-05-24_13-42-53/2025-05-24_13-42-53.json
2025-05-25 18:37:15,612 - root - INFO - Packet Processing Finished...
2025-05-25 18:37:15,612 - root - INFO - Saving json completed...
2025-05-25 18:37:15,613 - root - INFO - Found 14 number of packets...
2025-05-25 18:37:15,613 - root - INFO - Started Plotting Process. Generating graphical outputs...
2025-05-25 18:37:16,420 - root - INFO - Finished generating graphical outputs...
2025-05-25 18:37:16,420 - root - INFO - Starting timestamps (iterations) analysis...
2025-05-25 18:37:28,633 - root - INFO - Started Reading ./captured_pcaps/2025-05-24_13-42-53.pcap
2025-05-25 18:37:28,633 - root - INFO - Generating PDML file...
2025-05-25 18:37:28,842 - root - INFO - End of PDML file generation...
2025-05-25 18:37:28,842 - root - INFO - Saving the resulted json in ./results/2025-05-24_13-42-53/2025-05-24_13-42-53.json
2025-05-25 18:37:28,856 - root - INFO - Packet Processing Finished...
2025-05-25 18:37:28,856 - root - INFO - Saving json completed...
2025-05-25 18:37:28,856 - root - INFO - Found 14 number of packets...
2025-05-25 18:37:28,856 - root - INFO - Started Plotting Process. Generating graphical outputs...
2025-05-25 18:37:29,613 - root - INFO - Finished generating graphical outputs...
2025-05-25 18:37:29,613 - root - INFO - Starting timestamps (iterations) analysis...
2025-05-25 18:43:09,695 - root - INFO - Started Reading ./captured_pcaps/2025-05-25_18-42-27.pcap
2025-05-25 18:43:09,695 - root - INFO - Generating PDML file...
2025-05-25 18:43:10,041 - root - INFO - End of PDML file generation...
2025-05-25 18:43:10,041 - root - INFO - Saving the resulted json in ./results/2025-05-25_18-42-27/2025-05-25_18-42-27.json
2025-05-25 18:43:10,356 - root - INFO - Packet Processing Finished...
2025-05-25 18:43:10,356 - root - INFO - Saving json completed...
2025-05-25 18:43:10,356 - root - INFO - Found 547 number of packets...
2025-05-25 18:43:10,356 - root - INFO - Started Plotting Process. Generating graphical outputs...
2025-05-25 18:43:11,137 - root - INFO - Finished generating graphical outputs...
2025-05-25 18:43:11,137 - root - INFO - Starting timestamps (iterations) analysis...
2025-05-25 18:43:19,713 - root - INFO - Analysis of iterations completed. Graphical outputs generated...
2025-05-26 10:21:27,682 - root - INFO - Started Reading ./captured_pcaps/2025-05-25_18-42-27.pcap
2025-05-26 10:21:27,709 - root - INFO - Generating PDML file...
2025-05-26 10:21:28,447 - root - INFO - End of PDML file generation...
2025-05-26 10:21:28,447 - root - INFO - Saving the resulted json in ./results/2025-05-25_18-42-27/2025-05-25_18-42-27.json
2025-05-26 10:21:28,747 - root - INFO - Packet Processing Finished...
2025-05-26 10:21:28,747 - root - INFO - Saving json completed...
2025-05-26 10:21:28,747 - root - INFO - Found 547 number of packets...
2025-05-26 10:21:28,747 - root - INFO - Started Plotting Process. Generating graphical outputs...
2025-05-26 10:21:30,043 - root - INFO - Finished generating graphical outputs...
2025-05-26 10:21:30,043 - root - INFO - Starting timestamps (iterations) analysis...
2025-05-26 10:21:38,392 - root - INFO - Analysis of iterations completed. Graphical outputs generated...
2025-05-26 10:28:42,156 - root - INFO - Started Reading ./captured_pcaps/2025-05-25_18-42-27.pcap
2025-05-26 10:28:42,156 - root - INFO - Generating PDML file...
2025-05-26 10:28:42,467 - root - INFO - End of PDML file generation...
2025-05-26 10:28:42,467 - root - INFO - Saving the resulted json in ./results/2025-05-25_18-42-27/2025-05-25_18-42-27.json
2025-05-26 10:28:42,807 - root - INFO - Packet Processing Finished...
2025-05-26 10:28:42,807 - root - INFO - Saving json completed...
2025-05-26 10:28:42,807 - root - INFO - Found 547 number of packets...
2025-05-26 10:28:42,807 - root - INFO - Started Plotting Process. Generating graphical outputs...
2025-05-26 10:28:43,641 - root - INFO - Finished generating graphical outputs...
2025-05-26 10:28:43,641 - root - INFO - Starting timestamps (iterations) analysis...
2025-05-26 10:28:51,819 - root - INFO - Analysis of iterations completed. Graphical outputs generated...
2025-05-26 10:29:54,838 - root - INFO - Started Reading ./captured_pcaps/2025-05-25_18-42-27.pcap
2025-05-26 10:29:54,839 - root - INFO - Generating PDML file...
2025-05-26 10:29:55,167 - root - INFO - End of PDML file generation...
2025-05-26 10:29:55,167 - root - INFO - Saving the resulted json in ./results/2025-05-25_18-42-27/2025-05-25_18-42-27.json
2025-05-26 10:29:55,457 - root - INFO - Packet Processing Finished...
2025-05-26 10:29:55,457 - root - INFO - Saving json completed...
2025-05-26 10:29:55,457 - root - INFO - Found 547 number of packets...
2025-05-26 10:29:55,457 - root - INFO - Started Plotting Process. Generating graphical outputs...
2025-05-26 10:29:56,320 - root - INFO - Finished generating graphical outputs...
2025-05-26 10:29:56,320 - root - INFO - Starting timestamps (iterations) analysis...
2025-05-26 10:30:04,528 - root - INFO - Analysis of iterations completed. Graphical outputs generated...
2025-05-26 10:32:35,924 - root - INFO - Started Reading ./captured_pcaps/2025-05-25_18-42-27.pcap
2025-05-26 10:32:35,924 - root - INFO - Generating PDML file...
2025-05-26 10:32:36,321 - root - INFO - End of PDML file generation...
2025-05-26 10:32:36,322 - root - INFO - Saving the resulted json in ./results/2025-05-25_18-42-27/2025-05-25_18-42-27.json
2025-05-26 10:32:36,633 - root - INFO - Packet Processing Finished...
2025-05-26 10:32:36,634 - root - INFO - Saving json completed...
2025-05-26 10:32:36,634 - root - INFO - Found 547 number of packets...
2025-05-26 10:32:36,634 - root - INFO - Started Plotting Process. Generating graphical outputs...
2025-05-26 10:32:37,322 - root - INFO - Finished generating graphical outputs...
2025-05-26 10:32:37,322 - root - INFO - Starting timestamps (iterations) analysis...
2025-05-26 10:32:45,593 - root - INFO - Analysis of iterations completed. Graphical outputs generated...
2025-05-26 10:33:03,166 - root - INFO - Started Reading ./captured_pcaps/2025-05-24_12-31-49.pcap
2025-05-26 10:33:03,167 - root - INFO - Generating PDML file...
2025-05-26 10:33:03,718 - root - INFO - End of PDML file generation...
2025-05-26 10:33:03,719 - root - INFO - Saving the resulted json in ./results/2025-05-24_12-31-49/2025-05-24_12-31-49.json
2025-05-26 10:33:04,230 - root - INFO - Packet Processing Finished...
2025-05-26 10:33:04,230 - root - INFO - Saving json completed...
2025-05-26 10:33:04,230 - root - INFO - Found 868 number of packets...
2025-05-26 10:33:04,230 - root - INFO - Started Plotting Process. Generating graphical outputs...
2025-05-26 10:33:05,265 - root - INFO - Finished generating graphical outputs...
2025-05-26 10:33:05,265 - root - INFO - Starting timestamps (iterations) analysis...
2025-05-26 10:33:13,587 - root - INFO - Analysis of iterations completed. Graphical outputs generated...
2025-05-26 10:33:21,959 - root - INFO - Started Reading ./captured_pcaps/2025-05-24_13-42-53.pcap
2025-05-26 10:33:21,959 - root - INFO - Generating PDML file...
2025-05-26 10:33:22,182 - root - INFO - End of PDML file generation...
2025-05-26 10:33:22,182 - root - INFO - Saving the resulted json in ./results/2025-05-24_13-42-53/2025-05-24_13-42-53.json
2025-05-26 10:33:22,197 - root - INFO - Packet Processing Finished...
2025-05-26 10:33:22,197 - root - INFO - Saving json completed...
2025-05-26 10:33:22,197 - root - INFO - Found 14 number of packets...
2025-05-26 10:33:22,197 - root - INFO - Started Plotting Process. Generating graphical outputs...
2025-05-26 10:33:22,890 - root - INFO - Finished generating graphical outputs...
2025-05-26 10:33:22,890 - root - INFO - Starting timestamps (iterations) analysis...
2025-05-26 10:33:24,937 - root - INFO - Analysis of iterations completed. Graphical outputs generated...
